<?xml version="1.0" encoding="UTF-8"?>
<coverage generated="1574322939">
  <project timestamp="1574322939">
    <package name="FunFirst\Reservations\Models\Courses">
      <file name="/Users/kenny/code/reservations-package/src/Models/Courses/Course.php">
        <class name="FunFirst\Reservations\Models\Courses\Course" namespace="FunFirst\Reservations\Models\Courses">
          <metrics complexity="0" methods="0" coveredmethods="0" conditionals="0" coveredconditionals="0" statements="0" coveredstatements="0" elements="0" coveredelements="0"/>
        </class>
        <metrics loc="12" ncloc="12" classes="0" methods="0" coveredmethods="0" conditionals="0" coveredconditionals="0" statements="0" coveredstatements="0" elements="0" coveredelements="0"/>
      </file>
    </package>
    <package name="FunFirst\Reservations\Models\Reservations">
      <file name="/Users/kenny/code/reservations-package/src/Models/Reservations/Reservation.php">
        <class name="FunFirst\Reservations\Models\Reservations\Reservation" namespace="FunFirst\Reservations\Models\Reservations">
          <metrics complexity="0" methods="0" coveredmethods="0" conditionals="0" coveredconditionals="0" statements="0" coveredstatements="0" elements="0" coveredelements="0"/>
        </class>
        <metrics loc="12" ncloc="12" classes="0" methods="0" coveredmethods="0" conditionals="0" coveredconditionals="0" statements="0" coveredstatements="0" elements="0" coveredelements="0"/>
      </file>
    </package>
    <package name="FunFirst\Reservations\Models\Terms">
      <file name="/Users/kenny/code/reservations-package/src/Models/Terms/Term.php">
        <class name="FunFirst\Reservations\Models\Terms\Term" namespace="FunFirst\Reservations\Models\Terms">
          <metrics complexity="0" methods="0" coveredmethods="0" conditionals="0" coveredconditionals="0" statements="0" coveredstatements="0" elements="0" coveredelements="0"/>
        </class>
        <metrics loc="12" ncloc="12" classes="0" methods="0" coveredmethods="0" conditionals="0" coveredconditionals="0" statements="0" coveredstatements="0" elements="0" coveredelements="0"/>
      </file>
    </package>
    <metrics files="3" loc="36" ncloc="36" classes="0" methods="0" coveredmethods="0" conditionals="0" coveredconditionals="0" statements="0" coveredstatements="0" elements="0" coveredelements="0"/>
  </project>
</coverage>
